<?xml version="1.0" encoding="UTF-8"?>
<!-- Generated by org.testng.reporters.JUnitReportReporter -->
<testsuite hostname="asus" name="Tests.LoginTest" tests="4" failures="0" timestamp="5 Sep 2018 07:39:29 GMT" time="29.253" errors="0">
  <testcase name="invalidUsernameValidPassword" time="8.438" classname="Tests.LoginTest"/>
  <testcase name="invalidUsernamePassword" time="1.233" classname="Tests.LoginTest"/>
  <testcase name="validUsernameInvalidPassword" time="7.786" classname="Tests.LoginTest"/>
  <testcase name="validUsernamePassword" time="11.796" classname="Tests.LoginTest"/>
</testsuite> <!-- Tests.LoginTest -->
