<?xml version="1.0" encoding="UTF-8"?>
<!-- Generated by org.testng.reporters.JUnitReportReporter -->
<testsuite hostname="asus" name="Tests.LoginTest" tests="4" failures="0" timestamp="12 Sep 2018 05:20:04 GMT" time="57.496" errors="0">
  <testcase name="validUsernamePassword" time="28.795" classname="Tests.LoginTest"/>
  <testcase name="validUsernameInvalidPassword" time="12.773" classname="Tests.LoginTest"/>
  <testcase name="invalidUsernameValidPassword" time="12.841" classname="Tests.LoginTest"/>
  <testcase name="invalidUsernamePassword" time="3.087" classname="Tests.LoginTest"/>
</testsuite> <!-- Tests.LoginTest -->
