<?xml version="1.0" encoding="UTF-8"?>
<!-- Generated by org.testng.reporters.JUnitReportReporter -->
<testsuite hostname="asus" name="Tests.LoginTest" tests="4" failures="0" timestamp="11 Sep 2018 05:16:03 GMT" time="34.090" errors="0">
  <testcase name="validUsernameInvalidPassword" time="6.228" classname="Tests.LoginTest"/>
  <testcase name="invalidUsernamePassword" time="3.791" classname="Tests.LoginTest"/>
  <testcase name="validUsernamePassword" time="13.844" classname="Tests.LoginTest"/>
  <testcase name="invalidUsernameValidPassword" time="10.227" classname="Tests.LoginTest"/>
</testsuite> <!-- Tests.LoginTest -->
