<?xml version="1.0" encoding="UTF-8"?>
<!-- Generated by org.testng.reporters.JUnitReportReporter -->
<testsuite hostname="asus" name="Tests.LoginTest" tests="4" failures="0" timestamp="11 Sep 2018 06:16:00 GMT" time="27.337" errors="0">
  <testcase name="validUsernamePassword" time="10.850" classname="Tests.LoginTest"/>
  <testcase name="invalidUsernameValidPassword" time="7.076" classname="Tests.LoginTest"/>
  <testcase name="invalidUsernamePassword" time="1.367" classname="Tests.LoginTest"/>
  <testcase name="validUsernameInvalidPassword" time="8.044" classname="Tests.LoginTest"/>
</testsuite> <!-- Tests.LoginTest -->
